2025-04-07 12:43:39,910 - __main__ - INFO - Swedish PDF Processor
2025-04-07 12:43:39,910 - __main__ - INFO - Processing file: C:\Users\PC\Desktop\Projects\AWS-Textract\swedish_pdf_processor\tests\sample_data\maintenance_plan_01.pdf
2025-04-07 12:43:39,911 - __main__ - INFO - Processing PDF: C:\Users\PC\Desktop\Projects\AWS-Textract\swedish_pdf_processor\tests\sample_data\maintenance_plan_01.pdf
2025-04-07 12:43:39,911 - __main__ - INFO - Output will be saved to: C:\Users\PC\Desktop\Projects\AWS-Textract\swedish_pdf_processor\output\maintenance_plan_01_20250407_124339
2025-04-07 12:43:39,911 - __main__ - INFO - Step 1: Preprocessing PDF
2025-04-07 12:43:39,912 - src.preprocess - INFO - Preprocessing PDF: C:\Users\PC\Desktop\Projects\AWS-Textract\swedish_pdf_processor\tests\sample_data\maintenance_plan_01.pdf
2025-04-07 12:43:39,913 - src.preprocess - INFO - Converting PDF to images at 300 DPI
2025-04-07 12:43:39,959 - src.preprocess - ERROR - Error preprocessing PDF: Unable to get page count.
I/O Error: Couldn't open file 'C:\Users\PC\Desktop\Projects\AWS-Textract\swedish_pdf_processor\tests\sample_data\maintenance_plan_01.pdf': No error.

2025-04-07 12:43:39,959 - __main__ - ERROR - Error processing PDF: Unable to get page count.
I/O Error: Couldn't open file 'C:\Users\PC\Desktop\Projects\AWS-Textract\swedish_pdf_processor\tests\sample_data\maintenance_plan_01.pdf': No error.
Traceback (most recent call last):
  File "C:\Users\PC\Desktop\Projects\AWS-Textract\swedish_pdf_processor\.venv\Lib\site-packages\pdf2image\pdf2image.py", line 602, in pdfinfo_from_path
    raise ValueError
ValueError

During handling of the above exception, another exception occurred:

Traceback (most recent call last):
  File "C:\Users\PC\Desktop\Projects\AWS-Textract\swedish_pdf_processor\main.py", line 184, in main
    process_pdf(
  File "C:\Users\PC\Desktop\Projects\AWS-Textract\swedish_pdf_processor\main.py", line 68, in process_pdf
    image_paths, doc_id = preprocess_pdf(pdf_path, output_dir, dpi)
                          ^^^^^^^^^^^^^^^^^^^^^^^^^^^^^^^^^^^^^^^^^
  File "C:\Users\PC\Desktop\Projects\AWS-Textract\swedish_pdf_processor\src\preprocess.py", line 46, in preprocess_pdf
    images = convert_from_path(pdf_path, dpi=dpi)
             ^^^^^^^^^^^^^^^^^^^^^^^^^^^^^^^^^^^^
  File "C:\Users\PC\Desktop\Projects\AWS-Textract\swedish_pdf_processor\.venv\Lib\site-packages\pdf2image\pdf2image.py", line 127, in convert_from_path
    page_count = pdfinfo_from_path(
                 ^^^^^^^^^^^^^^^^^^
  File "C:\Users\PC\Desktop\Projects\AWS-Textract\swedish_pdf_processor\.venv\Lib\site-packages\pdf2image\pdf2image.py", line 611, in pdfinfo_from_path
    raise PDFPageCountError(
pdf2image.exceptions.PDFPageCountError: Unable to get page count.
I/O Error: Couldn't open file 'C:\Users\PC\Desktop\Projects\AWS-Textract\swedish_pdf_processor\tests\sample_data\maintenance_plan_01.pdf': No error.

