2025-04-07 11:52:24,994 - __main__ - INFO - Swedish PDF Processor
2025-04-07 11:52:24,994 - __main__ - INFO - Processing file: path/to/your/swedish_document.pdf
2025-04-07 11:52:24,995 - __main__ - INFO - Processing PDF: path/to/your/swedish_document.pdf
2025-04-07 11:52:24,995 - __main__ - INFO - Output will be saved to: C:\Users\PC\Desktop\Projects\AWS-Textract\swedish_pdf_processor\output\swedish_document_20250407_115224
2025-04-07 11:52:24,995 - __main__ - INFO - Step 1: Preprocessing PDF
2025-04-07 11:52:24,995 - src.preprocess - INFO - Preprocessing PDF: path/to/your/swedish_document.pdf
2025-04-07 11:52:24,996 - src.preprocess - INFO - Converting PDF to images at 300 DPI
2025-04-07 11:52:25,747 - src.preprocess - ERROR - Error preprocessing PDF: Unable to get page count.
I/O Error: Couldn't open file 'path/to/your/swedish_document.pdf': No error.

2025-04-07 11:52:25,747 - __main__ - ERROR - Error processing PDF: Unable to get page count.
I/O Error: Couldn't open file 'path/to/your/swedish_document.pdf': No error.
Traceback (most recent call last):
  File "C:\Users\PC\AppData\Roaming\Python\Python311\site-packages\pdf2image\pdf2image.py", line 602, in pdfinfo_from_path
    raise ValueError
ValueError

During handling of the above exception, another exception occurred:

Traceback (most recent call last):
  File "C:\Users\PC\Desktop\Projects\AWS-Textract\swedish_pdf_processor\main.py", line 184, in main
    process_pdf(
  File "C:\Users\PC\Desktop\Projects\AWS-Textract\swedish_pdf_processor\main.py", line 68, in process_pdf
    image_paths, doc_id = preprocess_pdf(pdf_path, output_dir, dpi)
                          ^^^^^^^^^^^^^^^^^^^^^^^^^^^^^^^^^^^^^^^^^
  File "C:\Users\PC\Desktop\Projects\AWS-Textract\swedish_pdf_processor\src\preprocess.py", line 46, in preprocess_pdf
    images = convert_from_path(pdf_path, dpi=dpi)
             ^^^^^^^^^^^^^^^^^^^^^^^^^^^^^^^^^^^^
  File "C:\Users\PC\AppData\Roaming\Python\Python311\site-packages\pdf2image\pdf2image.py", line 127, in convert_from_path
    page_count = pdfinfo_from_path(
                 ^^^^^^^^^^^^^^^^^^
  File "C:\Users\PC\AppData\Roaming\Python\Python311\site-packages\pdf2image\pdf2image.py", line 611, in pdfinfo_from_path
    raise PDFPageCountError(
pdf2image.exceptions.PDFPageCountError: Unable to get page count.
I/O Error: Couldn't open file 'path/to/your/swedish_document.pdf': No error.

